<?xml version="1.0" encoding="UTF-8"?>
<testsuite xmlns:xsi="http://www.w3.org/2001/XMLSchema-instance" xsi:noNamespaceSchemaLocation="https://maven.apache.org/surefire/maven-surefire-plugin/xsd/surefire-test-report-3.0.xsd" version="3.0" name="org.acme.OneLoginResourceTest" time="6.718" tests="3" errors="0" skipped="0" failures="0">
  <properties>
    <property name="java.specification.version" value="17"/>
    <property name="sun.cpu.isalist" value="amd64"/>
    <property name="sun.jnu.encoding" value="Cp1252"/>
    <property name="test.url" value="http://0.0.0.0:8081"/>
    <property name="java.class.path" value="C:\Users\JAAP\Quarkus-Projects\ArtifactsPassingToMultipleJobs\target\test-classes;C:\Users\JAAP\Quarkus-Projects\ArtifactsPassingToMultipleJobs\target\classes;C:\Users\JAAP\.m2\repository\io\quarkus\quarkus-resteasy-jsonb\2.13.9.Final\quarkus-resteasy-jsonb-2.13.9.Final.jar;C:\Users\JAAP\.m2\repository\io\quarkus\quarkus-jsonb\2.13.9.Final\quarkus-jsonb-2.13.9.Final.jar;C:\Users\JAAP\.m2\repository\org\eclipse\yasson\1.0.11\yasson-1.0.11.jar;C:\Users\JAAP\.m2\repository\io\quarkus\quarkus-jsonp\2.13.9.Final\quarkus-jsonp-2.13.9.Final.jar;C:\Users\JAAP\.m2\repository\org\glassfish\jakarta.json\1.1.6\jakarta.json-1.1.6.jar;C:\Users\JAAP\.m2\repository\org\jboss\resteasy\resteasy-json-binding-provider\4.7.9.Final\resteasy-json-binding-provider-4.7.9.Final.jar;C:\Users\JAAP\.m2\repository\jakarta\json\bind\jakarta.json.bind-api\1.0.2\jakarta.json.bind-api-1.0.2.jar;C:\Users\JAAP\.m2\repository\org\jboss\logging\jboss-logging\3.5.0.Final\jboss-logging-3.5.0.Final.jar;C:\Users\JAAP\.m2\repository\org\jboss\resteasy\resteasy-json-p-provider\4.7.9.Final\resteasy-json-p-provider-4.7.9.Final.jar;C:\Users\JAAP\.m2\repository\commons-io\commons-io\2.11.0\commons-io-2.11.0.jar;C:\Users\JAAP\.m2\repository\io\quarkus\quarkus-resteasy-jackson\2.13.9.Final\quarkus-resteasy-jackson-2.13.9.Final.jar;C:\Users\JAAP\.m2\repository\io\quarkus\quarkus-jackson\2.13.9.Final\quarkus-jackson-2.13.9.Final.jar;C:\Users\JAAP\.m2\repository\com\fasterxml\jackson\core\jackson-databind\2.13.4.2\jackson-databind-2.13.4.2.jar;C:\Users\JAAP\.m2\repository\com\fasterxml\jackson\datatype\jackson-datatype-jsr310\2.13.4\jackson-datatype-jsr310-2.13.4.jar;C:\Users\JAAP\.m2\repository\com\fasterxml\jackson\datatype\jackson-datatype-jdk8\2.13.4\jackson-datatype-jdk8-2.13.4.jar;C:\Users\JAAP\.m2\repository\com\fasterxml\jackson\module\jackson-module-parameter-names\2.13.4\jackson-module-parameter-names-2.13.4.jar;C:\Users\JAAP\.m2\repository\org\jboss\resteasy\resteasy-jackson2-provider\4.7.9.Final\resteasy-jackson2-provider-4.7.9.Final.jar;C:\Users\JAAP\.m2\repository\com\fasterxml\jackson\core\jackson-core\2.13.4\jackson-core-2.13.4.jar;C:\Users\JAAP\.m2\repository\com\fasterxml\jackson\core\jackson-annotations\2.13.4\jackson-annotations-2.13.4.jar;C:\Users\JAAP\.m2\repository\com\fasterxml\jackson\jaxrs\jackson-jaxrs-json-provider\2.13.4\jackson-jaxrs-json-provider-2.13.4.jar;C:\Users\JAAP\.m2\repository\com\fasterxml\jackson\jaxrs\jackson-jaxrs-base\2.13.4\jackson-jaxrs-base-2.13.4.jar;C:\Users\JAAP\.m2\repository\com\fasterxml\jackson\module\jackson-module-jaxb-annotations\2.13.4\jackson-module-jaxb-annotations-2.13.4.jar;C:\Users\JAAP\.m2\repository\com\github\java-json-tools\json-patch\1.13\json-patch-1.13.jar;C:\Users\JAAP\.m2\repository\com\github\java-json-tools\msg-simple\1.2\msg-simple-1.2.jar;C:\Users\JAAP\.m2\repository\com\github\java-json-tools\btf\1.3\btf-1.3.jar;C:\Users\JAAP\.m2\repository\com\github\java-json-tools\jackson-coreutils\2.0\jackson-coreutils-2.0.jar;C:\Users\JAAP\.m2\repository\org\jboss\spec\javax\xml\bind\jboss-jaxb-api_2.3_spec\2.0.0.Final\jboss-jaxb-api_2.3_spec-2.0.0.Final.jar;C:\Users\JAAP\.m2\repository\io\quarkus\quarkus-arc\2.13.9.Final\quarkus-arc-2.13.9.Final.jar;C:\Users\JAAP\.m2\repository\io\quarkus\arc\arc\2.13.9.Final\arc-2.13.9.Final.jar;C:\Users\JAAP\.m2\repository\jakarta\enterprise\jakarta.enterprise.cdi-api\2.0.2\jakarta.enterprise.cdi-api-2.0.2.jar;C:\Users\JAAP\.m2\repository\jakarta\el\jakarta.el-api\3.0.3\jakarta.el-api-3.0.3.jar;C:\Users\JAAP\.m2\repository\jakarta\interceptor\jakarta.interceptor-api\1.2.5\jakarta.interceptor-api-1.2.5.jar;C:\Users\JAAP\.m2\repository\jakarta\annotation\jakarta.annotation-api\1.3.5\jakarta.annotation-api-1.3.5.jar;C:\Users\JAAP\.m2\repository\jakarta\transaction\jakarta.transaction-api\1.3.3\jakarta.transaction-api-1.3.3.jar;C:\Users\JAAP\.m2\repository\io\smallrye\reactive\mutiny\1.7.0\mutiny-1.7.0.jar;C:\Users\JAAP\.m2\repository\org\reactivestreams\reactive-streams\1.0.3\reactive-streams-1.0.3.jar;C:\Users\JAAP\.m2\repository\io\smallrye\common\smallrye-common-annotation\1.13.1\smallrye-common-annotation-1.13.1.jar;C:\Users\JAAP\.m2\repository\io\quarkus\quarkus-core\2.13.9.Final\quarkus-core-2.13.9.Final.jar;C:\Users\JAAP\.m2\repository\jakarta\inject\jakarta.inject-api\1.0\jakarta.inject-api-1.0.jar;C:\Users\JAAP\.m2\repository\io\quarkus\quarkus-ide-launcher\2.13.9.Final\quarkus-ide-launcher-2.13.9.Final.jar;C:\Users\JAAP\.m2\repository\io\quarkus\quarkus-development-mode-spi\2.13.9.Final\quarkus-development-mode-spi-2.13.9.Final.jar;C:\Users\JAAP\.m2\repository\io\smallrye\config\smallrye-config\2.12.3\smallrye-config-2.12.3.jar;C:\Users\JAAP\.m2\repository\io\smallrye\config\smallrye-config-core\2.12.3\smallrye-config-core-2.12.3.jar;C:\Users\JAAP\.m2\repository\org\eclipse\microprofile\config\microprofile-config-api\2.0.1\microprofile-config-api-2.0.1.jar;C:\Users\JAAP\.m2\repository\io\smallrye\common\smallrye-common-expression\1.13.1\smallrye-common-expression-1.13.1.jar;C:\Users\JAAP\.m2\repository\io\smallrye\common\smallrye-common-function\1.13.1\smallrye-common-function-1.13.1.jar;C:\Users\JAAP\.m2\repository\io\smallrye\common\smallrye-common-classloader\1.13.1\smallrye-common-classloader-1.13.1.jar;C:\Users\JAAP\.m2\repository\io\smallrye\config\smallrye-config-common\2.12.3\smallrye-config-common-2.12.3.jar;C:\Users\JAAP\.m2\repository\org\jboss\logmanager\jboss-logmanager-embedded\1.0.10\jboss-logmanager-embedded-1.0.10.jar;C:\Users\JAAP\.m2\repository\org\jboss\logging\jboss-logging-annotations\2.2.1.Final\jboss-logging-annotations-2.2.1.Final.jar;C:\Users\JAAP\.m2\repository\org\jboss\threads\jboss-threads\3.4.3.Final\jboss-threads-3.4.3.Final.jar;C:\Users\JAAP\.m2\repository\org\slf4j\slf4j-api\1.7.36\slf4j-api-1.7.36.jar;C:\Users\JAAP\.m2\repository\org\jboss\slf4j\slf4j-jboss-logmanager\1.2.0.Final\slf4j-jboss-logmanager-1.2.0.Final.jar;C:\Users\JAAP\.m2\repository\org\graalvm\sdk\graal-sdk\22.3.0\graal-sdk-22.3.0.jar;C:\Users\JAAP\.m2\repository\org\wildfly\common\wildfly-common\1.5.4.Final-format-001\wildfly-common-1.5.4.Final-format-001.jar;C:\Users\JAAP\.m2\repository\io\quarkus\quarkus-bootstrap-runner\2.13.9.Final\quarkus-bootstrap-runner-2.13.9.Final.jar;C:\Users\JAAP\.m2\repository\io\quarkus\quarkus-fs-util\0.0.9\quarkus-fs-util-0.0.9.jar;C:\Users\JAAP\.m2\repository\org\eclipse\microprofile\context-propagation\microprofile-context-propagation-api\1.2\microprofile-context-propagation-api-1.2.jar;C:\Users\JAAP\.m2\repository\io\quarkus\quarkus-resteasy\2.13.9.Final\quarkus-resteasy-2.13.9.Final.jar;C:\Users\JAAP\.m2\repository\io\quarkus\quarkus-vertx-http\2.13.9.Final\quarkus-vertx-http-2.13.9.Final.jar;C:\Users\JAAP\.m2\repository\io\quarkus\quarkus-security-runtime-spi\2.13.9.Final\quarkus-security-runtime-spi-2.13.9.Final.jar;C:\Users\JAAP\.m2\repository\io\quarkus\quarkus-credentials\2.13.9.Final\quarkus-credentials-2.13.9.Final.jar;C:\Users\JAAP\.m2\repository\io\quarkus\quarkus-mutiny\2.13.9.Final\quarkus-mutiny-2.13.9.Final.jar;C:\Users\JAAP\.m2\repository\io\quarkus\quarkus-smallrye-context-propagation\2.13.9.Final\quarkus-smallrye-context-propagation-2.13.9.Final.jar;C:\Users\JAAP\.m2\repository\io\smallrye\smallrye-context-propagation\1.2.2\smallrye-context-propagation-1.2.2.jar;C:\Users\JAAP\.m2\repository\io\smallrye\smallrye-context-propagation-api\1.2.2\smallrye-context-propagation-api-1.2.2.jar;C:\Users\JAAP\.m2\repository\io\smallrye\smallrye-context-propagation-storage\1.2.2\smallrye-context-propagation-storage-1.2.2.jar;C:\Users\JAAP\.m2\repository\io\smallrye\reactive\mutiny-smallrye-context-propagation\1.7.0\mutiny-smallrye-context-propagation-1.7.0.jar;C:\Users\JAAP\.m2\repository\io\smallrye\common\smallrye-common-vertx-context\1.13.1\smallrye-common-vertx-context-1.13.1.jar;C:\Users\JAAP\.m2\repository\io\vertx\vertx-core\4.3.4\vertx-core-4.3.4.jar;C:\Users\JAAP\.m2\repository\io\netty\netty-common\4.1.100.Final\netty-common-4.1.100.Final.jar;C:\Users\JAAP\.m2\repository\io\netty\netty-buffer\4.1.100.Final\netty-buffer-4.1.100.Final.jar;C:\Users\JAAP\.m2\repository\io\netty\netty-transport\4.1.100.Final\netty-transport-4.1.100.Final.jar;C:\Users\JAAP\.m2\repository\io\netty\netty-handler\4.1.100.Final\netty-handler-4.1.100.Final.jar;C:\Users\JAAP\.m2\repository\io\netty\netty-transport-native-unix-common\4.1.100.Final\netty-transport-native-unix-common-4.1.100.Final.jar;C:\Users\JAAP\.m2\repository\io\netty\netty-handler-proxy\4.1.100.Final\netty-handler-proxy-4.1.100.Final.jar;C:\Users\JAAP\.m2\repository\io\netty\netty-codec-socks\4.1.100.Final\netty-codec-socks-4.1.100.Final.jar;C:\Users\JAAP\.m2\repository\io\netty\netty-codec-http\4.1.100.Final\netty-codec-http-4.1.100.Final.jar;C:\Users\JAAP\.m2\repository\io\netty\netty-codec-http2\4.1.100.Final\netty-codec-http2-4.1.100.Final.jar;C:\Users\JAAP\.m2\repository\io\netty\netty-resolver\4.1.100.Final\netty-resolver-4.1.100.Final.jar;C:\Users\JAAP\.m2\repository\io\netty\netty-resolver-dns\4.1.100.Final\netty-resolver-dns-4.1.100.Final.jar;C:\Users\JAAP\.m2\repository\io\netty\netty-codec-dns\4.1.100.Final\netty-codec-dns-4.1.100.Final.jar;C:\Users\JAAP\.m2\repository\io\smallrye\common\smallrye-common-constraint\1.13.1\smallrye-common-constraint-1.13.1.jar;C:\Users\JAAP\.m2\repository\io\quarkus\quarkus-vertx-http-dev-console-runtime-spi\2.13.9.Final\quarkus-vertx-http-dev-console-runtime-spi-2.13.9.Final.jar;C:\Users\JAAP\.m2\repository\io\quarkus\security\quarkus-security\1.1.4.Final\quarkus-security-1.1.4.Final.jar;C:\Users\JAAP\.m2\repository\io\quarkus\quarkus-vertx\2.13.9.Final\quarkus-vertx-2.13.9.Final.jar;C:\Users\JAAP\.m2\repository\io\quarkus\quarkus-netty\2.13.9.Final\quarkus-netty-2.13.9.Final.jar;C:\Users\JAAP\.m2\repository\io\netty\netty-codec\4.1.100.Final\netty-codec-4.1.100.Final.jar;C:\Users\JAAP\.m2\repository\com\aayushatharva\brotli4j\brotli4j\1.12.0\brotli4j-1.12.0.jar;C:\Users\JAAP\.m2\repository\com\aayushatharva\brotli4j\service\1.12.0\service-1.12.0.jar;C:\Users\JAAP\.m2\repository\com\aayushatharva\brotli4j\native-windows-x86_64\1.12.0\native-windows-x86_64-1.12.0.jar;C:\Users\JAAP\.m2\repository\io\netty\netty-codec-haproxy\4.1.100.Final\netty-codec-haproxy-4.1.100.Final.jar;C:\Users\JAAP\.m2\repository\io\quarkus\quarkus-vertx-latebound-mdc-provider\2.13.9.Final\quarkus-vertx-latebound-mdc-provider-2.13.9.Final.jar;C:\Users\JAAP\.m2\repository\io\smallrye\reactive\smallrye-mutiny-vertx-core\2.27.0\smallrye-mutiny-vertx-core-2.27.0.jar;C:\Users\JAAP\.m2\repository\io\smallrye\reactive\smallrye-mutiny-vertx-runtime\2.27.0\smallrye-mutiny-vertx-runtime-2.27.0.jar;C:\Users\JAAP\.m2\repository\io\smallrye\reactive\vertx-mutiny-generator\2.27.0\vertx-mutiny-generator-2.27.0.jar;C:\Users\JAAP\.m2\repository\io\vertx\vertx-codegen\4.3.4\vertx-codegen-4.3.4.jar;C:\Users\JAAP\.m2\repository\io\smallrye\smallrye-fault-tolerance-vertx\5.5.0\smallrye-fault-tolerance-vertx-5.5.0.jar;C:\Users\JAAP\.m2\repository\io\smallrye\reactive\smallrye-mutiny-vertx-web\2.27.0\smallrye-mutiny-vertx-web-2.27.0.jar;C:\Users\JAAP\.m2\repository\io\smallrye\reactive\smallrye-mutiny-vertx-web-common\2.27.0\smallrye-mutiny-vertx-web-common-2.27.0.jar;C:\Users\JAAP\.m2\repository\io\smallrye\reactive\smallrye-mutiny-vertx-auth-common\2.27.0\smallrye-mutiny-vertx-auth-common-2.27.0.jar;C:\Users\JAAP\.m2\repository\io\smallrye\reactive\smallrye-mutiny-vertx-bridge-common\2.27.0\smallrye-mutiny-vertx-bridge-common-2.27.0.jar;C:\Users\JAAP\.m2\repository\io\smallrye\reactive\smallrye-mutiny-vertx-uri-template\2.27.0\smallrye-mutiny-vertx-uri-template-2.27.0.jar;C:\Users\JAAP\.m2\repository\io\vertx\vertx-uri-template\4.3.4\vertx-uri-template-4.3.4.jar;C:\Users\JAAP\.m2\repository\io\vertx\vertx-web\4.3.4\vertx-web-4.3.4.jar;C:\Users\JAAP\.m2\repository\io\vertx\vertx-web-common\4.3.4\vertx-web-common-4.3.4.jar;C:\Users\JAAP\.m2\repository\io\vertx\vertx-auth-common\4.3.4\vertx-auth-common-4.3.4.jar;C:\Users\JAAP\.m2\repository\io\vertx\vertx-bridge-common\4.3.4\vertx-bridge-common-4.3.4.jar;C:\Users\JAAP\.m2\repository\io\github\crac\org-crac\0.1.1\org-crac-0.1.1.jar;C:\Users\JAAP\.m2\repository\io\quarkus\quarkus-resteasy-server-common\2.13.9.Final\quarkus-resteasy-server-common-2.13.9.Final.jar;C:\Users\JAAP\.m2\repository\io\quarkus\quarkus-resteasy-common\2.13.9.Final\quarkus-resteasy-common-2.13.9.Final.jar;C:\Users\JAAP\.m2\repository\org\jboss\resteasy\resteasy-core\4.7.9.Final\resteasy-core-4.7.9.Final.jar;C:\Users\JAAP\.m2\repository\org\jboss\spec\javax\ws\rs\jboss-jaxrs-api_2.1_spec\2.0.1.Final\jboss-jaxrs-api_2.1_spec-2.0.1.Final.jar;C:\Users\JAAP\.m2\repository\org\jboss\resteasy\resteasy-core-spi\4.7.9.Final\resteasy-core-spi-4.7.9.Final.jar;C:\Users\JAAP\.m2\repository\com\ibm\async\asyncutil\0.1.0\asyncutil-0.1.0.jar;C:\Users\JAAP\.m2\repository\com\sun\activation\jakarta.activation\1.2.1\jakarta.activation-1.2.1.jar;C:\Users\JAAP\.m2\repository\jakarta\validation\jakarta.validation-api\2.0.2\jakarta.validation-api-2.0.2.jar;C:\Users\JAAP\.m2\repository\io\quarkus\quarkus-junit5\2.13.9.Final\quarkus-junit5-2.13.9.Final.jar;C:\Users\JAAP\.m2\repository\io\quarkus\quarkus-bootstrap-core\2.13.9.Final\quarkus-bootstrap-core-2.13.9.Final.jar;C:\Users\JAAP\.m2\repository\io\quarkus\quarkus-bootstrap-app-model\2.13.9.Final\quarkus-bootstrap-app-model-2.13.9.Final.jar;C:\Users\JAAP\.m2\repository\io\smallrye\common\smallrye-common-io\1.13.1\smallrye-common-io-1.13.1.jar;C:\Users\JAAP\.m2\repository\org\eclipse\sisu\org.eclipse.sisu.inject\0.3.5\org.eclipse.sisu.inject-0.3.5.jar;C:\Users\JAAP\.m2\repository\io\quarkus\quarkus-test-common\2.13.9.Final\quarkus-test-common-2.13.9.Final.jar;C:\Users\JAAP\.m2\repository\io\quarkus\quarkus-core-deployment\2.13.9.Final\quarkus-core-deployment-2.13.9.Final.jar;C:\Users\JAAP\.m2\repository\org\aesh\readline\2.2\readline-2.2.jar;C:\Users\JAAP\.m2\repository\org\fusesource\jansi\jansi\1.18\jansi-1.18.jar;C:\Users\JAAP\.m2\repository\org\aesh\aesh\2.6\aesh-2.6.jar;C:\Users\JAAP\.m2\repository\io\quarkus\gizmo\gizmo\1.1.1.Final\gizmo-1.1.1.Final.jar;C:\Users\JAAP\.m2\repository\org\ow2\asm\asm-util\9.3\asm-util-9.3.jar;C:\Users\JAAP\.m2\repository\io\quarkus\quarkus-class-change-agent\2.13.9.Final\quarkus-class-change-agent-2.13.9.Final.jar;C:\Users\JAAP\.m2\repository\io\quarkus\quarkus-devtools-utilities\2.13.9.Final\quarkus-devtools-utilities-2.13.9.Final.jar;C:\Users\JAAP\.m2\repository\io\quarkus\quarkus-builder\2.13.9.Final\quarkus-builder-2.13.9.Final.jar;C:\Users\JAAP\.m2\repository\org\junit\platform\junit-platform-launcher\1.9.1\junit-platform-launcher-1.9.1.jar;C:\Users\JAAP\.m2\repository\io\quarkus\quarkus-bootstrap-maven-resolver\2.13.9.Final\quarkus-bootstrap-maven-resolver-2.13.9.Final.jar;C:\Users\JAAP\.m2\repository\org\apache\maven\maven-embedder\3.8.6\maven-embedder-3.8.6.jar;C:\Users\JAAP\.m2\repository\org\apache\maven\maven-settings\3.8.6\maven-settings-3.8.6.jar;C:\Users\JAAP\.m2\repository\org\apache\maven\maven-core\3.8.6\maven-core-3.8.6.jar;C:\Users\JAAP\.m2\repository\org\apache\maven\maven-artifact\3.8.6\maven-artifact-3.8.6.jar;C:\Users\JAAP\.m2\repository\org\codehaus\plexus\plexus-component-annotations\2.1.0\plexus-component-annotations-2.1.0.jar;C:\Users\JAAP\.m2\repository\org\apache\maven\maven-plugin-api\3.8.6\maven-plugin-api-3.8.6.jar;C:\Users\JAAP\.m2\repository\org\apache\maven\maven-model\3.8.6\maven-model-3.8.6.jar;C:\Users\JAAP\.m2\repository\org\apache\maven\maven-model-builder\3.8.6\maven-model-builder-3.8.6.jar;C:\Users\JAAP\.m2\repository\org\apache\maven\maven-builder-support\3.8.6\maven-builder-support-3.8.6.jar;C:\Users\JAAP\.m2\repository\org\apache\maven\resolver\maven-resolver-api\1.6.3\maven-resolver-api-1.6.3.jar;C:\Users\JAAP\.m2\repository\org\apache\maven\resolver\maven-resolver-util\1.6.3\maven-resolver-util-1.6.3.jar;C:\Users\JAAP\.m2\repository\org\apache\maven\shared\maven-shared-utils\3.3.4\maven-shared-utils-3.3.4.jar;C:\Users\JAAP\.m2\repository\com\google\inject\guice\4.2.2\guice-4.2.2-no_aop.jar;C:\Users\JAAP\.m2\repository\com\google\guava\guava\32.0.1-jre\guava-32.0.1-jre.jar;C:\Users\JAAP\.m2\repository\com\google\guava\failureaccess\1.0.1\failureaccess-1.0.1.jar;C:\Users\JAAP\.m2\repository\org\codehaus\plexus\plexus-classworlds\2.6.0\plexus-classworlds-2.6.0.jar;C:\Users\JAAP\.m2\repository\org\codehaus\plexus\plexus-sec-dispatcher\2.0\plexus-sec-dispatcher-2.0.jar;C:\Users\JAAP\.m2\repository\org\codehaus\plexus\plexus-cipher\2.0\plexus-cipher-2.0.jar;C:\Users\JAAP\.m2\repository\commons-cli\commons-cli\1.4\commons-cli-1.4.jar;C:\Users\JAAP\.m2\repository\org\eclipse\sisu\org.eclipse.sisu.plexus\0.3.5\org.eclipse.sisu.plexus-0.3.5.jar;C:\Users\JAAP\.m2\repository\org\apache\maven\maven-settings-builder\3.8.6\maven-settings-builder-3.8.6.jar;C:\Users\JAAP\.m2\repository\org\codehaus\plexus\plexus-interpolation\1.26\plexus-interpolation-1.26.jar;C:\Users\JAAP\.m2\repository\org\apache\maven\maven-resolver-provider\3.8.6\maven-resolver-provider-3.8.6.jar;C:\Users\JAAP\.m2\repository\org\apache\maven\maven-repository-metadata\3.8.6\maven-repository-metadata-3.8.6.jar;C:\Users\JAAP\.m2\repository\org\apache\maven\resolver\maven-resolver-spi\1.6.3\maven-resolver-spi-1.6.3.jar;C:\Users\JAAP\.m2\repository\org\apache\maven\resolver\maven-resolver-impl\1.6.3\maven-resolver-impl-1.6.3.jar;C:\Users\JAAP\.m2\repository\org\codehaus\plexus\plexus-utils\3.3.0\plexus-utils-3.3.0.jar;C:\Users\JAAP\.m2\repository\org\apache\maven\resolver\maven-resolver-connector-basic\1.6.3\maven-resolver-connector-basic-1.6.3.jar;C:\Users\JAAP\.m2\repository\org\apache\maven\resolver\maven-resolver-transport-wagon\1.6.3\maven-resolver-transport-wagon-1.6.3.jar;C:\Users\JAAP\.m2\repository\org\apache\maven\wagon\wagon-http\3.5.1\wagon-http-3.5.1.jar;C:\Users\JAAP\.m2\repository\org\apache\maven\wagon\wagon-http-shared\3.5.1\wagon-http-shared-3.5.1.jar;C:\Users\JAAP\.m2\repository\org\apache\maven\wagon\wagon-provider-api\3.5.1\wagon-provider-api-3.5.1.jar;C:\Users\JAAP\.m2\repository\org\apache\maven\wagon\wagon-file\3.5.1\wagon-file-3.5.1.jar;C:\Users\JAAP\.m2\repository\io\quarkus\quarkus-bootstrap-gradle-resolver\2.13.9.Final\quarkus-bootstrap-gradle-resolver-2.13.9.Final.jar;C:\Users\JAAP\.m2\repository\org\jboss\jandex\2.4.3.Final\jandex-2.4.3.Final.jar;C:\Users\JAAP\.m2\repository\org\jboss\logging\commons-logging-jboss-logging\1.0.0.Final\commons-logging-jboss-logging-1.0.0.Final.jar;C:\Users\JAAP\.m2\repository\io\quarkus\quarkus-junit5-properties\2.13.9.Final\quarkus-junit5-properties-2.13.9.Final.jar;C:\Users\JAAP\.m2\repository\org\junit\jupiter\junit-jupiter\5.9.1\junit-jupiter-5.9.1.jar;C:\Users\JAAP\.m2\repository\org\junit\jupiter\junit-jupiter-api\5.9.1\junit-jupiter-api-5.9.1.jar;C:\Users\JAAP\.m2\repository\org\opentest4j\opentest4j\1.2.0\opentest4j-1.2.0.jar;C:\Users\JAAP\.m2\repository\org\junit\platform\junit-platform-commons\1.9.1\junit-platform-commons-1.9.1.jar;C:\Users\JAAP\.m2\repository\org\apiguardian\apiguardian-api\1.1.2\apiguardian-api-1.1.2.jar;C:\Users\JAAP\.m2\repository\org\junit\jupiter\junit-jupiter-params\5.9.1\junit-jupiter-params-5.9.1.jar;C:\Users\JAAP\.m2\repository\org\junit\jupiter\junit-jupiter-engine\5.9.1\junit-jupiter-engine-5.9.1.jar;C:\Users\JAAP\.m2\repository\org\junit\platform\junit-platform-engine\1.9.1\junit-platform-engine-1.9.1.jar;C:\Users\JAAP\.m2\repository\com\thoughtworks\xstream\xstream\1.4.19\xstream-1.4.19.jar;C:\Users\JAAP\.m2\repository\io\github\x-stream\mxparser\1.2.2\mxparser-1.2.2.jar;C:\Users\JAAP\.m2\repository\xmlpull\xmlpull\1.1.3.1\xmlpull-1.1.3.1.jar;C:\Users\JAAP\.m2\repository\io\quarkus\quarkus-jacoco\2.13.9.Final\quarkus-jacoco-2.13.9.Final.jar;C:\Users\JAAP\.m2\repository\org\jacoco\org.jacoco.core\0.8.8\org.jacoco.core-0.8.8.jar;C:\Users\JAAP\.m2\repository\org\ow2\asm\asm\9.3\asm-9.3.jar;C:\Users\JAAP\.m2\repository\org\ow2\asm\asm-tree\9.3\asm-tree-9.3.jar;C:\Users\JAAP\.m2\repository\org\jacoco\org.jacoco.report\0.8.8\org.jacoco.report-0.8.8.jar;C:\Users\JAAP\.m2\repository\org\jacoco\org.jacoco.agent\0.8.8\org.jacoco.agent-0.8.8.jar;C:\Users\JAAP\.m2\repository\org\jacoco\org.jacoco.agent\0.8.8\org.jacoco.agent-0.8.8-runtime.jar;C:\Users\JAAP\.m2\repository\org\ow2\asm\asm-commons\9.3\asm-commons-9.3.jar;C:\Users\JAAP\.m2\repository\org\ow2\asm\asm-analysis\9.3\asm-analysis-9.3.jar;C:\Users\JAAP\.m2\repository\io\rest-assured\rest-assured\4.5.1\rest-assured-4.5.1.jar;C:\Users\JAAP\.m2\repository\org\codehaus\groovy\groovy\3.0.9\groovy-3.0.9.jar;C:\Users\JAAP\.m2\repository\org\codehaus\groovy\groovy-xml\3.0.9\groovy-xml-3.0.9.jar;C:\Users\JAAP\.m2\repository\org\apache\httpcomponents\httpclient\4.5.13\httpclient-4.5.13.jar;C:\Users\JAAP\.m2\repository\org\apache\httpcomponents\httpcore\4.4.15\httpcore-4.4.15.jar;C:\Users\JAAP\.m2\repository\commons-codec\commons-codec\1.15\commons-codec-1.15.jar;C:\Users\JAAP\.m2\repository\org\apache\httpcomponents\httpmime\4.5.13\httpmime-4.5.13.jar;C:\Users\JAAP\.m2\repository\org\hamcrest\hamcrest\2.1\hamcrest-2.1.jar;C:\Users\JAAP\.m2\repository\org\ccil\cowan\tagsoup\tagsoup\1.2.1\tagsoup-1.2.1.jar;C:\Users\JAAP\.m2\repository\io\rest-assured\json-path\4.5.1\json-path-4.5.1.jar;C:\Users\JAAP\.m2\repository\org\codehaus\groovy\groovy-json\3.0.9\groovy-json-3.0.9.jar;C:\Users\JAAP\.m2\repository\io\rest-assured\rest-assured-common\4.5.1\rest-assured-common-4.5.1.jar;C:\Users\JAAP\.m2\repository\io\rest-assured\xml-path\4.5.1\xml-path-4.5.1.jar;C:\Users\JAAP\.m2\repository\org\apache\commons\commons-lang3\3.12.0\commons-lang3-3.12.0.jar;"/>
    <property name="java.vm.vendor" value="Oracle Corporation"/>
    <property name="sun.arch.data.model" value="64"/>
    <property name="user.variant" value=""/>
    <property name="java.vendor.url" value="https://java.oracle.com/"/>
    <property name="user.timezone" value="Asia/Calcutta"/>
    <property name="logging.initial-configurator.min-level" value="500"/>
    <property name="os.name" value="Windows 11"/>
    <property name="java.vm.specification.version" value="17"/>
    <property name="sun.java.launcher" value="SUN_STANDARD"/>
    <property name="user.country" value="IN"/>
    <property name="sun.boot.library.path" value="C:\Java\jdk-17.0.10_windows-x64_bin\jdk-17.0.10\bin"/>
    <property name="sun.java.command" value="C:\Users\JAAP\AppData\Local\Temp\surefire8779238450329393234\surefirebooter-20240609114854014_3.jar C:\Users\JAAP\AppData\Local\Temp\surefire8779238450329393234 2024-06-09T11-48-51_142-jvmRun1 surefire-20240609114854014_1tmp surefire_0-20240609114854014_2tmp"/>
    <property name="jdk.debug" value="release"/>
    <property name="maven.home" value="C:\Maven\apache-maven-3.8.1\bin\.."/>
    <property name="surefire.test.class.path" value="C:\Users\JAAP\Quarkus-Projects\ArtifactsPassingToMultipleJobs\target\test-classes;C:\Users\JAAP\Quarkus-Projects\ArtifactsPassingToMultipleJobs\target\classes;C:\Users\JAAP\.m2\repository\io\quarkus\quarkus-resteasy-jsonb\2.13.9.Final\quarkus-resteasy-jsonb-2.13.9.Final.jar;C:\Users\JAAP\.m2\repository\io\quarkus\quarkus-jsonb\2.13.9.Final\quarkus-jsonb-2.13.9.Final.jar;C:\Users\JAAP\.m2\repository\org\eclipse\yasson\1.0.11\yasson-1.0.11.jar;C:\Users\JAAP\.m2\repository\io\quarkus\quarkus-jsonp\2.13.9.Final\quarkus-jsonp-2.13.9.Final.jar;C:\Users\JAAP\.m2\repository\org\glassfish\jakarta.json\1.1.6\jakarta.json-1.1.6.jar;C:\Users\JAAP\.m2\repository\org\jboss\resteasy\resteasy-json-binding-provider\4.7.9.Final\resteasy-json-binding-provider-4.7.9.Final.jar;C:\Users\JAAP\.m2\repository\jakarta\json\bind\jakarta.json.bind-api\1.0.2\jakarta.json.bind-api-1.0.2.jar;C:\Users\JAAP\.m2\repository\org\jboss\logging\jboss-logging\3.5.0.Final\jboss-logging-3.5.0.Final.jar;C:\Users\JAAP\.m2\repository\org\jboss\resteasy\resteasy-json-p-provider\4.7.9.Final\resteasy-json-p-provider-4.7.9.Final.jar;C:\Users\JAAP\.m2\repository\commons-io\commons-io\2.11.0\commons-io-2.11.0.jar;C:\Users\JAAP\.m2\repository\io\quarkus\quarkus-resteasy-jackson\2.13.9.Final\quarkus-resteasy-jackson-2.13.9.Final.jar;C:\Users\JAAP\.m2\repository\io\quarkus\quarkus-jackson\2.13.9.Final\quarkus-jackson-2.13.9.Final.jar;C:\Users\JAAP\.m2\repository\com\fasterxml\jackson\core\jackson-databind\2.13.4.2\jackson-databind-2.13.4.2.jar;C:\Users\JAAP\.m2\repository\com\fasterxml\jackson\datatype\jackson-datatype-jsr310\2.13.4\jackson-datatype-jsr310-2.13.4.jar;C:\Users\JAAP\.m2\repository\com\fasterxml\jackson\datatype\jackson-datatype-jdk8\2.13.4\jackson-datatype-jdk8-2.13.4.jar;C:\Users\JAAP\.m2\repository\com\fasterxml\jackson\module\jackson-module-parameter-names\2.13.4\jackson-module-parameter-names-2.13.4.jar;C:\Users\JAAP\.m2\repository\org\jboss\resteasy\resteasy-jackson2-provider\4.7.9.Final\resteasy-jackson2-provider-4.7.9.Final.jar;C:\Users\JAAP\.m2\repository\com\fasterxml\jackson\core\jackson-core\2.13.4\jackson-core-2.13.4.jar;C:\Users\JAAP\.m2\repository\com\fasterxml\jackson\core\jackson-annotations\2.13.4\jackson-annotations-2.13.4.jar;C:\Users\JAAP\.m2\repository\com\fasterxml\jackson\jaxrs\jackson-jaxrs-json-provider\2.13.4\jackson-jaxrs-json-provider-2.13.4.jar;C:\Users\JAAP\.m2\repository\com\fasterxml\jackson\jaxrs\jackson-jaxrs-base\2.13.4\jackson-jaxrs-base-2.13.4.jar;C:\Users\JAAP\.m2\repository\com\fasterxml\jackson\module\jackson-module-jaxb-annotations\2.13.4\jackson-module-jaxb-annotations-2.13.4.jar;C:\Users\JAAP\.m2\repository\com\github\java-json-tools\json-patch\1.13\json-patch-1.13.jar;C:\Users\JAAP\.m2\repository\com\github\java-json-tools\msg-simple\1.2\msg-simple-1.2.jar;C:\Users\JAAP\.m2\repository\com\github\java-json-tools\btf\1.3\btf-1.3.jar;C:\Users\JAAP\.m2\repository\com\github\java-json-tools\jackson-coreutils\2.0\jackson-coreutils-2.0.jar;C:\Users\JAAP\.m2\repository\org\jboss\spec\javax\xml\bind\jboss-jaxb-api_2.3_spec\2.0.0.Final\jboss-jaxb-api_2.3_spec-2.0.0.Final.jar;C:\Users\JAAP\.m2\repository\io\quarkus\quarkus-arc\2.13.9.Final\quarkus-arc-2.13.9.Final.jar;C:\Users\JAAP\.m2\repository\io\quarkus\arc\arc\2.13.9.Final\arc-2.13.9.Final.jar;C:\Users\JAAP\.m2\repository\jakarta\enterprise\jakarta.enterprise.cdi-api\2.0.2\jakarta.enterprise.cdi-api-2.0.2.jar;C:\Users\JAAP\.m2\repository\jakarta\el\jakarta.el-api\3.0.3\jakarta.el-api-3.0.3.jar;C:\Users\JAAP\.m2\repository\jakarta\interceptor\jakarta.interceptor-api\1.2.5\jakarta.interceptor-api-1.2.5.jar;C:\Users\JAAP\.m2\repository\jakarta\annotation\jakarta.annotation-api\1.3.5\jakarta.annotation-api-1.3.5.jar;C:\Users\JAAP\.m2\repository\jakarta\transaction\jakarta.transaction-api\1.3.3\jakarta.transaction-api-1.3.3.jar;C:\Users\JAAP\.m2\repository\io\smallrye\reactive\mutiny\1.7.0\mutiny-1.7.0.jar;C:\Users\JAAP\.m2\repository\org\reactivestreams\reactive-streams\1.0.3\reactive-streams-1.0.3.jar;C:\Users\JAAP\.m2\repository\io\smallrye\common\smallrye-common-annotation\1.13.1\smallrye-common-annotation-1.13.1.jar;C:\Users\JAAP\.m2\repository\io\quarkus\quarkus-core\2.13.9.Final\quarkus-core-2.13.9.Final.jar;C:\Users\JAAP\.m2\repository\jakarta\inject\jakarta.inject-api\1.0\jakarta.inject-api-1.0.jar;C:\Users\JAAP\.m2\repository\io\quarkus\quarkus-ide-launcher\2.13.9.Final\quarkus-ide-launcher-2.13.9.Final.jar;C:\Users\JAAP\.m2\repository\io\quarkus\quarkus-development-mode-spi\2.13.9.Final\quarkus-development-mode-spi-2.13.9.Final.jar;C:\Users\JAAP\.m2\repository\io\smallrye\config\smallrye-config\2.12.3\smallrye-config-2.12.3.jar;C:\Users\JAAP\.m2\repository\io\smallrye\config\smallrye-config-core\2.12.3\smallrye-config-core-2.12.3.jar;C:\Users\JAAP\.m2\repository\org\eclipse\microprofile\config\microprofile-config-api\2.0.1\microprofile-config-api-2.0.1.jar;C:\Users\JAAP\.m2\repository\io\smallrye\common\smallrye-common-expression\1.13.1\smallrye-common-expression-1.13.1.jar;C:\Users\JAAP\.m2\repository\io\smallrye\common\smallrye-common-function\1.13.1\smallrye-common-function-1.13.1.jar;C:\Users\JAAP\.m2\repository\io\smallrye\common\smallrye-common-classloader\1.13.1\smallrye-common-classloader-1.13.1.jar;C:\Users\JAAP\.m2\repository\io\smallrye\config\smallrye-config-common\2.12.3\smallrye-config-common-2.12.3.jar;C:\Users\JAAP\.m2\repository\org\jboss\logmanager\jboss-logmanager-embedded\1.0.10\jboss-logmanager-embedded-1.0.10.jar;C:\Users\JAAP\.m2\repository\org\jboss\logging\jboss-logging-annotations\2.2.1.Final\jboss-logging-annotations-2.2.1.Final.jar;C:\Users\JAAP\.m2\repository\org\jboss\threads\jboss-threads\3.4.3.Final\jboss-threads-3.4.3.Final.jar;C:\Users\JAAP\.m2\repository\org\slf4j\slf4j-api\1.7.36\slf4j-api-1.7.36.jar;C:\Users\JAAP\.m2\repository\org\jboss\slf4j\slf4j-jboss-logmanager\1.2.0.Final\slf4j-jboss-logmanager-1.2.0.Final.jar;C:\Users\JAAP\.m2\repository\org\graalvm\sdk\graal-sdk\22.3.0\graal-sdk-22.3.0.jar;C:\Users\JAAP\.m2\repository\org\wildfly\common\wildfly-common\1.5.4.Final-format-001\wildfly-common-1.5.4.Final-format-001.jar;C:\Users\JAAP\.m2\repository\io\quarkus\quarkus-bootstrap-runner\2.13.9.Final\quarkus-bootstrap-runner-2.13.9.Final.jar;C:\Users\JAAP\.m2\repository\io\quarkus\quarkus-fs-util\0.0.9\quarkus-fs-util-0.0.9.jar;C:\Users\JAAP\.m2\repository\org\eclipse\microprofile\context-propagation\microprofile-context-propagation-api\1.2\microprofile-context-propagation-api-1.2.jar;C:\Users\JAAP\.m2\repository\io\quarkus\quarkus-resteasy\2.13.9.Final\quarkus-resteasy-2.13.9.Final.jar;C:\Users\JAAP\.m2\repository\io\quarkus\quarkus-vertx-http\2.13.9.Final\quarkus-vertx-http-2.13.9.Final.jar;C:\Users\JAAP\.m2\repository\io\quarkus\quarkus-security-runtime-spi\2.13.9.Final\quarkus-security-runtime-spi-2.13.9.Final.jar;C:\Users\JAAP\.m2\repository\io\quarkus\quarkus-credentials\2.13.9.Final\quarkus-credentials-2.13.9.Final.jar;C:\Users\JAAP\.m2\repository\io\quarkus\quarkus-mutiny\2.13.9.Final\quarkus-mutiny-2.13.9.Final.jar;C:\Users\JAAP\.m2\repository\io\quarkus\quarkus-smallrye-context-propagation\2.13.9.Final\quarkus-smallrye-context-propagation-2.13.9.Final.jar;C:\Users\JAAP\.m2\repository\io\smallrye\smallrye-context-propagation\1.2.2\smallrye-context-propagation-1.2.2.jar;C:\Users\JAAP\.m2\repository\io\smallrye\smallrye-context-propagation-api\1.2.2\smallrye-context-propagation-api-1.2.2.jar;C:\Users\JAAP\.m2\repository\io\smallrye\smallrye-context-propagation-storage\1.2.2\smallrye-context-propagation-storage-1.2.2.jar;C:\Users\JAAP\.m2\repository\io\smallrye\reactive\mutiny-smallrye-context-propagation\1.7.0\mutiny-smallrye-context-propagation-1.7.0.jar;C:\Users\JAAP\.m2\repository\io\smallrye\common\smallrye-common-vertx-context\1.13.1\smallrye-common-vertx-context-1.13.1.jar;C:\Users\JAAP\.m2\repository\io\vertx\vertx-core\4.3.4\vertx-core-4.3.4.jar;C:\Users\JAAP\.m2\repository\io\netty\netty-common\4.1.100.Final\netty-common-4.1.100.Final.jar;C:\Users\JAAP\.m2\repository\io\netty\netty-buffer\4.1.100.Final\netty-buffer-4.1.100.Final.jar;C:\Users\JAAP\.m2\repository\io\netty\netty-transport\4.1.100.Final\netty-transport-4.1.100.Final.jar;C:\Users\JAAP\.m2\repository\io\netty\netty-handler\4.1.100.Final\netty-handler-4.1.100.Final.jar;C:\Users\JAAP\.m2\repository\io\netty\netty-transport-native-unix-common\4.1.100.Final\netty-transport-native-unix-common-4.1.100.Final.jar;C:\Users\JAAP\.m2\repository\io\netty\netty-handler-proxy\4.1.100.Final\netty-handler-proxy-4.1.100.Final.jar;C:\Users\JAAP\.m2\repository\io\netty\netty-codec-socks\4.1.100.Final\netty-codec-socks-4.1.100.Final.jar;C:\Users\JAAP\.m2\repository\io\netty\netty-codec-http\4.1.100.Final\netty-codec-http-4.1.100.Final.jar;C:\Users\JAAP\.m2\repository\io\netty\netty-codec-http2\4.1.100.Final\netty-codec-http2-4.1.100.Final.jar;C:\Users\JAAP\.m2\repository\io\netty\netty-resolver\4.1.100.Final\netty-resolver-4.1.100.Final.jar;C:\Users\JAAP\.m2\repository\io\netty\netty-resolver-dns\4.1.100.Final\netty-resolver-dns-4.1.100.Final.jar;C:\Users\JAAP\.m2\repository\io\netty\netty-codec-dns\4.1.100.Final\netty-codec-dns-4.1.100.Final.jar;C:\Users\JAAP\.m2\repository\io\smallrye\common\smallrye-common-constraint\1.13.1\smallrye-common-constraint-1.13.1.jar;C:\Users\JAAP\.m2\repository\io\quarkus\quarkus-vertx-http-dev-console-runtime-spi\2.13.9.Final\quarkus-vertx-http-dev-console-runtime-spi-2.13.9.Final.jar;C:\Users\JAAP\.m2\repository\io\quarkus\security\quarkus-security\1.1.4.Final\quarkus-security-1.1.4.Final.jar;C:\Users\JAAP\.m2\repository\io\quarkus\quarkus-vertx\2.13.9.Final\quarkus-vertx-2.13.9.Final.jar;C:\Users\JAAP\.m2\repository\io\quarkus\quarkus-netty\2.13.9.Final\quarkus-netty-2.13.9.Final.jar;C:\Users\JAAP\.m2\repository\io\netty\netty-codec\4.1.100.Final\netty-codec-4.1.100.Final.jar;C:\Users\JAAP\.m2\repository\com\aayushatharva\brotli4j\brotli4j\1.12.0\brotli4j-1.12.0.jar;C:\Users\JAAP\.m2\repository\com\aayushatharva\brotli4j\service\1.12.0\service-1.12.0.jar;C:\Users\JAAP\.m2\repository\com\aayushatharva\brotli4j\native-windows-x86_64\1.12.0\native-windows-x86_64-1.12.0.jar;C:\Users\JAAP\.m2\repository\io\netty\netty-codec-haproxy\4.1.100.Final\netty-codec-haproxy-4.1.100.Final.jar;C:\Users\JAAP\.m2\repository\io\quarkus\quarkus-vertx-latebound-mdc-provider\2.13.9.Final\quarkus-vertx-latebound-mdc-provider-2.13.9.Final.jar;C:\Users\JAAP\.m2\repository\io\smallrye\reactive\smallrye-mutiny-vertx-core\2.27.0\smallrye-mutiny-vertx-core-2.27.0.jar;C:\Users\JAAP\.m2\repository\io\smallrye\reactive\smallrye-mutiny-vertx-runtime\2.27.0\smallrye-mutiny-vertx-runtime-2.27.0.jar;C:\Users\JAAP\.m2\repository\io\smallrye\reactive\vertx-mutiny-generator\2.27.0\vertx-mutiny-generator-2.27.0.jar;C:\Users\JAAP\.m2\repository\io\vertx\vertx-codegen\4.3.4\vertx-codegen-4.3.4.jar;C:\Users\JAAP\.m2\repository\io\smallrye\smallrye-fault-tolerance-vertx\5.5.0\smallrye-fault-tolerance-vertx-5.5.0.jar;C:\Users\JAAP\.m2\repository\io\smallrye\reactive\smallrye-mutiny-vertx-web\2.27.0\smallrye-mutiny-vertx-web-2.27.0.jar;C:\Users\JAAP\.m2\repository\io\smallrye\reactive\smallrye-mutiny-vertx-web-common\2.27.0\smallrye-mutiny-vertx-web-common-2.27.0.jar;C:\Users\JAAP\.m2\repository\io\smallrye\reactive\smallrye-mutiny-vertx-auth-common\2.27.0\smallrye-mutiny-vertx-auth-common-2.27.0.jar;C:\Users\JAAP\.m2\repository\io\smallrye\reactive\smallrye-mutiny-vertx-bridge-common\2.27.0\smallrye-mutiny-vertx-bridge-common-2.27.0.jar;C:\Users\JAAP\.m2\repository\io\smallrye\reactive\smallrye-mutiny-vertx-uri-template\2.27.0\smallrye-mutiny-vertx-uri-template-2.27.0.jar;C:\Users\JAAP\.m2\repository\io\vertx\vertx-uri-template\4.3.4\vertx-uri-template-4.3.4.jar;C:\Users\JAAP\.m2\repository\io\vertx\vertx-web\4.3.4\vertx-web-4.3.4.jar;C:\Users\JAAP\.m2\repository\io\vertx\vertx-web-common\4.3.4\vertx-web-common-4.3.4.jar;C:\Users\JAAP\.m2\repository\io\vertx\vertx-auth-common\4.3.4\vertx-auth-common-4.3.4.jar;C:\Users\JAAP\.m2\repository\io\vertx\vertx-bridge-common\4.3.4\vertx-bridge-common-4.3.4.jar;C:\Users\JAAP\.m2\repository\io\github\crac\org-crac\0.1.1\org-crac-0.1.1.jar;C:\Users\JAAP\.m2\repository\io\quarkus\quarkus-resteasy-server-common\2.13.9.Final\quarkus-resteasy-server-common-2.13.9.Final.jar;C:\Users\JAAP\.m2\repository\io\quarkus\quarkus-resteasy-common\2.13.9.Final\quarkus-resteasy-common-2.13.9.Final.jar;C:\Users\JAAP\.m2\repository\org\jboss\resteasy\resteasy-core\4.7.9.Final\resteasy-core-4.7.9.Final.jar;C:\Users\JAAP\.m2\repository\org\jboss\spec\javax\ws\rs\jboss-jaxrs-api_2.1_spec\2.0.1.Final\jboss-jaxrs-api_2.1_spec-2.0.1.Final.jar;C:\Users\JAAP\.m2\repository\org\jboss\resteasy\resteasy-core-spi\4.7.9.Final\resteasy-core-spi-4.7.9.Final.jar;C:\Users\JAAP\.m2\repository\com\ibm\async\asyncutil\0.1.0\asyncutil-0.1.0.jar;C:\Users\JAAP\.m2\repository\com\sun\activation\jakarta.activation\1.2.1\jakarta.activation-1.2.1.jar;C:\Users\JAAP\.m2\repository\jakarta\validation\jakarta.validation-api\2.0.2\jakarta.validation-api-2.0.2.jar;C:\Users\JAAP\.m2\repository\io\quarkus\quarkus-junit5\2.13.9.Final\quarkus-junit5-2.13.9.Final.jar;C:\Users\JAAP\.m2\repository\io\quarkus\quarkus-bootstrap-core\2.13.9.Final\quarkus-bootstrap-core-2.13.9.Final.jar;C:\Users\JAAP\.m2\repository\io\quarkus\quarkus-bootstrap-app-model\2.13.9.Final\quarkus-bootstrap-app-model-2.13.9.Final.jar;C:\Users\JAAP\.m2\repository\io\smallrye\common\smallrye-common-io\1.13.1\smallrye-common-io-1.13.1.jar;C:\Users\JAAP\.m2\repository\org\eclipse\sisu\org.eclipse.sisu.inject\0.3.5\org.eclipse.sisu.inject-0.3.5.jar;C:\Users\JAAP\.m2\repository\io\quarkus\quarkus-test-common\2.13.9.Final\quarkus-test-common-2.13.9.Final.jar;C:\Users\JAAP\.m2\repository\io\quarkus\quarkus-core-deployment\2.13.9.Final\quarkus-core-deployment-2.13.9.Final.jar;C:\Users\JAAP\.m2\repository\org\aesh\readline\2.2\readline-2.2.jar;C:\Users\JAAP\.m2\repository\org\fusesource\jansi\jansi\1.18\jansi-1.18.jar;C:\Users\JAAP\.m2\repository\org\aesh\aesh\2.6\aesh-2.6.jar;C:\Users\JAAP\.m2\repository\io\quarkus\gizmo\gizmo\1.1.1.Final\gizmo-1.1.1.Final.jar;C:\Users\JAAP\.m2\repository\org\ow2\asm\asm-util\9.3\asm-util-9.3.jar;C:\Users\JAAP\.m2\repository\io\quarkus\quarkus-class-change-agent\2.13.9.Final\quarkus-class-change-agent-2.13.9.Final.jar;C:\Users\JAAP\.m2\repository\io\quarkus\quarkus-devtools-utilities\2.13.9.Final\quarkus-devtools-utilities-2.13.9.Final.jar;C:\Users\JAAP\.m2\repository\io\quarkus\quarkus-builder\2.13.9.Final\quarkus-builder-2.13.9.Final.jar;C:\Users\JAAP\.m2\repository\org\junit\platform\junit-platform-launcher\1.9.1\junit-platform-launcher-1.9.1.jar;C:\Users\JAAP\.m2\repository\io\quarkus\quarkus-bootstrap-maven-resolver\2.13.9.Final\quarkus-bootstrap-maven-resolver-2.13.9.Final.jar;C:\Users\JAAP\.m2\repository\org\apache\maven\maven-embedder\3.8.6\maven-embedder-3.8.6.jar;C:\Users\JAAP\.m2\repository\org\apache\maven\maven-settings\3.8.6\maven-settings-3.8.6.jar;C:\Users\JAAP\.m2\repository\org\apache\maven\maven-core\3.8.6\maven-core-3.8.6.jar;C:\Users\JAAP\.m2\repository\org\apache\maven\maven-artifact\3.8.6\maven-artifact-3.8.6.jar;C:\Users\JAAP\.m2\repository\org\codehaus\plexus\plexus-component-annotations\2.1.0\plexus-component-annotations-2.1.0.jar;C:\Users\JAAP\.m2\repository\org\apache\maven\maven-plugin-api\3.8.6\maven-plugin-api-3.8.6.jar;C:\Users\JAAP\.m2\repository\org\apache\maven\maven-model\3.8.6\maven-model-3.8.6.jar;C:\Users\JAAP\.m2\repository\org\apache\maven\maven-model-builder\3.8.6\maven-model-builder-3.8.6.jar;C:\Users\JAAP\.m2\repository\org\apache\maven\maven-builder-support\3.8.6\maven-builder-support-3.8.6.jar;C:\Users\JAAP\.m2\repository\org\apache\maven\resolver\maven-resolver-api\1.6.3\maven-resolver-api-1.6.3.jar;C:\Users\JAAP\.m2\repository\org\apache\maven\resolver\maven-resolver-util\1.6.3\maven-resolver-util-1.6.3.jar;C:\Users\JAAP\.m2\repository\org\apache\maven\shared\maven-shared-utils\3.3.4\maven-shared-utils-3.3.4.jar;C:\Users\JAAP\.m2\repository\com\google\inject\guice\4.2.2\guice-4.2.2-no_aop.jar;C:\Users\JAAP\.m2\repository\com\google\guava\guava\32.0.1-jre\guava-32.0.1-jre.jar;C:\Users\JAAP\.m2\repository\com\google\guava\failureaccess\1.0.1\failureaccess-1.0.1.jar;C:\Users\JAAP\.m2\repository\org\codehaus\plexus\plexus-classworlds\2.6.0\plexus-classworlds-2.6.0.jar;C:\Users\JAAP\.m2\repository\org\codehaus\plexus\plexus-sec-dispatcher\2.0\plexus-sec-dispatcher-2.0.jar;C:\Users\JAAP\.m2\repository\org\codehaus\plexus\plexus-cipher\2.0\plexus-cipher-2.0.jar;C:\Users\JAAP\.m2\repository\commons-cli\commons-cli\1.4\commons-cli-1.4.jar;C:\Users\JAAP\.m2\repository\org\eclipse\sisu\org.eclipse.sisu.plexus\0.3.5\org.eclipse.sisu.plexus-0.3.5.jar;C:\Users\JAAP\.m2\repository\org\apache\maven\maven-settings-builder\3.8.6\maven-settings-builder-3.8.6.jar;C:\Users\JAAP\.m2\repository\org\codehaus\plexus\plexus-interpolation\1.26\plexus-interpolation-1.26.jar;C:\Users\JAAP\.m2\repository\org\apache\maven\maven-resolver-provider\3.8.6\maven-resolver-provider-3.8.6.jar;C:\Users\JAAP\.m2\repository\org\apache\maven\maven-repository-metadata\3.8.6\maven-repository-metadata-3.8.6.jar;C:\Users\JAAP\.m2\repository\org\apache\maven\resolver\maven-resolver-spi\1.6.3\maven-resolver-spi-1.6.3.jar;C:\Users\JAAP\.m2\repository\org\apache\maven\resolver\maven-resolver-impl\1.6.3\maven-resolver-impl-1.6.3.jar;C:\Users\JAAP\.m2\repository\org\codehaus\plexus\plexus-utils\3.3.0\plexus-utils-3.3.0.jar;C:\Users\JAAP\.m2\repository\org\apache\maven\resolver\maven-resolver-connector-basic\1.6.3\maven-resolver-connector-basic-1.6.3.jar;C:\Users\JAAP\.m2\repository\org\apache\maven\resolver\maven-resolver-transport-wagon\1.6.3\maven-resolver-transport-wagon-1.6.3.jar;C:\Users\JAAP\.m2\repository\org\apache\maven\wagon\wagon-http\3.5.1\wagon-http-3.5.1.jar;C:\Users\JAAP\.m2\repository\org\apache\maven\wagon\wagon-http-shared\3.5.1\wagon-http-shared-3.5.1.jar;C:\Users\JAAP\.m2\repository\org\apache\maven\wagon\wagon-provider-api\3.5.1\wagon-provider-api-3.5.1.jar;C:\Users\JAAP\.m2\repository\org\apache\maven\wagon\wagon-file\3.5.1\wagon-file-3.5.1.jar;C:\Users\JAAP\.m2\repository\io\quarkus\quarkus-bootstrap-gradle-resolver\2.13.9.Final\quarkus-bootstrap-gradle-resolver-2.13.9.Final.jar;C:\Users\JAAP\.m2\repository\org\jboss\jandex\2.4.3.Final\jandex-2.4.3.Final.jar;C:\Users\JAAP\.m2\repository\org\jboss\logging\commons-logging-jboss-logging\1.0.0.Final\commons-logging-jboss-logging-1.0.0.Final.jar;C:\Users\JAAP\.m2\repository\io\quarkus\quarkus-junit5-properties\2.13.9.Final\quarkus-junit5-properties-2.13.9.Final.jar;C:\Users\JAAP\.m2\repository\org\junit\jupiter\junit-jupiter\5.9.1\junit-jupiter-5.9.1.jar;C:\Users\JAAP\.m2\repository\org\junit\jupiter\junit-jupiter-api\5.9.1\junit-jupiter-api-5.9.1.jar;C:\Users\JAAP\.m2\repository\org\opentest4j\opentest4j\1.2.0\opentest4j-1.2.0.jar;C:\Users\JAAP\.m2\repository\org\junit\platform\junit-platform-commons\1.9.1\junit-platform-commons-1.9.1.jar;C:\Users\JAAP\.m2\repository\org\apiguardian\apiguardian-api\1.1.2\apiguardian-api-1.1.2.jar;C:\Users\JAAP\.m2\repository\org\junit\jupiter\junit-jupiter-params\5.9.1\junit-jupiter-params-5.9.1.jar;C:\Users\JAAP\.m2\repository\org\junit\jupiter\junit-jupiter-engine\5.9.1\junit-jupiter-engine-5.9.1.jar;C:\Users\JAAP\.m2\repository\org\junit\platform\junit-platform-engine\1.9.1\junit-platform-engine-1.9.1.jar;C:\Users\JAAP\.m2\repository\com\thoughtworks\xstream\xstream\1.4.19\xstream-1.4.19.jar;C:\Users\JAAP\.m2\repository\io\github\x-stream\mxparser\1.2.2\mxparser-1.2.2.jar;C:\Users\JAAP\.m2\repository\xmlpull\xmlpull\1.1.3.1\xmlpull-1.1.3.1.jar;C:\Users\JAAP\.m2\repository\io\quarkus\quarkus-jacoco\2.13.9.Final\quarkus-jacoco-2.13.9.Final.jar;C:\Users\JAAP\.m2\repository\org\jacoco\org.jacoco.core\0.8.8\org.jacoco.core-0.8.8.jar;C:\Users\JAAP\.m2\repository\org\ow2\asm\asm\9.3\asm-9.3.jar;C:\Users\JAAP\.m2\repository\org\ow2\asm\asm-tree\9.3\asm-tree-9.3.jar;C:\Users\JAAP\.m2\repository\org\jacoco\org.jacoco.report\0.8.8\org.jacoco.report-0.8.8.jar;C:\Users\JAAP\.m2\repository\org\jacoco\org.jacoco.agent\0.8.8\org.jacoco.agent-0.8.8.jar;C:\Users\JAAP\.m2\repository\org\jacoco\org.jacoco.agent\0.8.8\org.jacoco.agent-0.8.8-runtime.jar;C:\Users\JAAP\.m2\repository\org\ow2\asm\asm-commons\9.3\asm-commons-9.3.jar;C:\Users\JAAP\.m2\repository\org\ow2\asm\asm-analysis\9.3\asm-analysis-9.3.jar;C:\Users\JAAP\.m2\repository\io\rest-assured\rest-assured\4.5.1\rest-assured-4.5.1.jar;C:\Users\JAAP\.m2\repository\org\codehaus\groovy\groovy\3.0.9\groovy-3.0.9.jar;C:\Users\JAAP\.m2\repository\org\codehaus\groovy\groovy-xml\3.0.9\groovy-xml-3.0.9.jar;C:\Users\JAAP\.m2\repository\org\apache\httpcomponents\httpclient\4.5.13\httpclient-4.5.13.jar;C:\Users\JAAP\.m2\repository\org\apache\httpcomponents\httpcore\4.4.15\httpcore-4.4.15.jar;C:\Users\JAAP\.m2\repository\commons-codec\commons-codec\1.15\commons-codec-1.15.jar;C:\Users\JAAP\.m2\repository\org\apache\httpcomponents\httpmime\4.5.13\httpmime-4.5.13.jar;C:\Users\JAAP\.m2\repository\org\hamcrest\hamcrest\2.1\hamcrest-2.1.jar;C:\Users\JAAP\.m2\repository\org\ccil\cowan\tagsoup\tagsoup\1.2.1\tagsoup-1.2.1.jar;C:\Users\JAAP\.m2\repository\io\rest-assured\json-path\4.5.1\json-path-4.5.1.jar;C:\Users\JAAP\.m2\repository\org\codehaus\groovy\groovy-json\3.0.9\groovy-json-3.0.9.jar;C:\Users\JAAP\.m2\repository\io\rest-assured\rest-assured-common\4.5.1\rest-assured-common-4.5.1.jar;C:\Users\JAAP\.m2\repository\io\rest-assured\xml-path\4.5.1\xml-path-4.5.1.jar;C:\Users\JAAP\.m2\repository\org\apache\commons\commons-lang3\3.12.0\commons-lang3-3.12.0.jar;"/>
    <property name="sun.cpu.endian" value="little"/>
    <property name="user.home" value="C:\Users\JAAP"/>
    <property name="user.language" value="en"/>
    <property name="jboss.log-version" value="false"/>
    <property name="java.specification.vendor" value="Oracle Corporation"/>
    <property name="io.netty.allocator.maxOrder" value="3"/>
    <property name="java.version.date" value="2024-01-16"/>
    <property name="java.home" value="C:\Java\jdk-17.0.10_windows-x64_bin\jdk-17.0.10"/>
    <property name="file.separator" value="\"/>
    <property name="basedir" value="C:\Users\JAAP\Quarkus-Projects\ArtifactsPassingToMultipleJobs"/>
    <property name="java.vm.compressedOopsMode" value="Zero based"/>
    <property name="line.separator" value="&#10;"/>
    <property name="java.vm.specification.vendor" value="Oracle Corporation"/>
    <property name="java.specification.name" value="Java Platform API Specification"/>
    <property name="surefire.real.class.path" value="C:\Users\JAAP\AppData\Local\Temp\surefire8779238450329393234\surefirebooter-20240609114854014_3.jar"/>
    <property name="user.script" value=""/>
    <property name="sun.management.compiler" value="HotSpot 64-Bit Tiered Compilers"/>
    <property name="java.runtime.version" value="17.0.10+11-LTS-240"/>
    <property name="user.name" value="JAAP"/>
    <property name="dev.resteasy.exception.mapper" value="false"/>
    <property name="path.separator" value=";"/>
    <property name="os.version" value="10.0"/>
    <property name="java.runtime.name" value="Java(TM) SE Runtime Environment"/>
    <property name="file.encoding" value="Cp1252"/>
    <property name="java.vm.name" value="Java HotSpot(TM) 64-Bit Server VM"/>
    <property name="localRepository" value="C:\Users\JAAP\.m2\repository"/>
    <property name="java.vendor.url.bug" value="https://bugreport.java.com/bugreport/"/>
    <property name="java.io.tmpdir" value="C:\Users\JAAP\AppData\Local\Temp\"/>
    <property name="quarkus.log.file.path" value="target\quarkus.log"/>
    <property name="java.version" value="17.0.10"/>
    <property name="java.util.concurrent.ForkJoinPool.common.threadFactory" value="io.quarkus.bootstrap.forkjoin.QuarkusForkJoinWorkerThreadFactory"/>
    <property name="user.dir" value="C:\Users\JAAP\Quarkus-Projects\ArtifactsPassingToMultipleJobs"/>
    <property name="os.arch" value="amd64"/>
    <property name="java.vm.specification.name" value="Java Virtual Machine Specification"/>
    <property name="vertx.disableDnsResolver" value="true"/>
    <property name="sun.os.patch.level" value=""/>
    <property name="native.encoding" value="Cp1252"/>
    <property name="java.util.logging.manager" value="org.jboss.logmanager.LogManager"/>
    <property name="java.library.path" value="C:\Java\jdk-17.0.10_windows-x64_bin\jdk-17.0.10\bin;C:\Windows\Sun\Java\bin;C:\Windows\system32;C:\Windows;C:\Windows\system32;C:\Windows;C:\Windows\System32\Wbem;C:\Windows\System32\WindowsPowerShell\v1.0\;C:\Windows\System32\OpenSSH\;C:\Java\jdk-17.0.10_windows-x64_bin\jdk-17.0.10\bin;C:\Maven\apache-maven-3.8.1\bin;C:\Program Files\Git\cmd;C:\Program Files\Docker\Docker\resources\bin;C:\Users\JAAP\.cargo\bin;C:\Users\JAAP\AppData\Local\Programs\Python\Python312\Scripts\;C:\Users\JAAP\AppData\Local\Programs\Python\Python312\;C:\Users\JAAP\AppData\Local\Microsoft\WindowsApps;;C:\Program Files\JetBrains\IntelliJ IDEA Community Edition 2023.3.3\bin;;C:\Users\JAAP\AppData\Local\Programs\Microsoft VS Code\bin;C:\Program Files\JetBrains\PyCharm Community Edition 2024.1.1\bin;;."/>
    <property name="java.vm.info" value="mixed mode, sharing"/>
    <property name="java.vendor" value="Oracle Corporation"/>
    <property name="vertx.disableTCCL" value="true"/>
    <property name="java.vm.version" value="17.0.10+11-LTS-240"/>
    <property name="sun.io.unicode.encoding" value="UnicodeLittle"/>
    <property name="io.netty.machineId" value="a0:8d:0a:26:2a:d8:df:0f"/>
    <property name="java.class.version" value="61.0"/>
    <property name="jacoco-agent.destfile" value="C:\Users\JAAP\Quarkus-Projects\ArtifactsPassingToMultipleJobs\target\jacoco-quarkus.exec"/>
  </properties>
  <testcase name="testGetEventEndpoint_whenNoTokenIsPassed_returnsTokenMissingError" classname="org.acme.OneLoginResourceTest" time="1.16">
    <system-out><![CDATA[2024-06-09 11:48:57,637 WARN  [io.qua.run.uti.ContainerRuntimeUtil] (main) Command "docker" exited with error code 1. Rootless container runtime detection might not be reliable.
2024-06-09 11:48:59,646 INFO  [io.quarkus] (main) one-login-mock 1.0.0-SNAPSHOT on JVM (powered by Quarkus 2.13.9.Final) started in 3.343s. Listening on: http://0.0.0.0:8081
2024-06-09 11:48:59,646 INFO  [io.quarkus] (main) Profile test activated. 
2024-06-09 11:48:59,646 INFO  [io.quarkus] (main) Installed features: [cdi, jacoco, resteasy, resteasy-jackson, resteasy-jsonb, smallrye-context-propagation, vertx]
2024-06-09 11:49:00,741 DEBUG [org.acm.res.OneLoginResource] (executor-thread-0) Header: null
]]></system-out>
  </testcase>
  <testcase name="testGetEventEndpoint_whenAnInvalidValidTokenIsPassed_returnsInvalidTokenError" classname="org.acme.OneLoginResourceTest" time="0.036">
    <system-out><![CDATA[2024-06-09 11:49:00,857 DEBUG [org.acm.res.OneLoginResource] (executor-thread-0) Header: Bearer abc
]]></system-out>
  </testcase>
  <testcase name="testGetEventEndpoint_whenAValidTokenIsPassed_returnsMockResponse" classname="org.acme.OneLoginResourceTest" time="0.429">
    <system-out><![CDATA[2024-06-09 11:49:00,876 DEBUG [org.acm.res.OneLoginResource] (executor-thread-0) Header: Bearer onelogin-token
]]></system-out>
  </testcase>
</testsuite>